  cpu_c.c
  cpu_core.c
  lib_ascii.c
  lib_math.c
  lib_mem.c
  lib_str.c
  os_cpu_c.c
  os_core.c
  os_dbg_r.c
D:\RTOS\RTOS_M11302149_HW1\Micrium\Software\uCOS-II\Source\os_core.c(964,13): warning C4013: 'exit' 未定義; 假設 extern 傳回整數
  os_flag.c
  os_mbox.c
  os_mem.c
  os_mutex.c
  os_q.c
  os_sem.c
  os_task.c
  os_time.c
  os_tmr.c
  bsp_cpu.c
  app_hooks.c
D:\RTOS\RTOS_M11302149_HW1\Microsoft\Windows\Kernel\OS2\app_hooks.c(135,27): warning C4013: 'atoi' 未定義; 假設 extern 傳回整數
D:\RTOS\RTOS_M11302149_HW1\Microsoft\Windows\Kernel\OS2\app_hooks.c(292,53): warning C4244: '正在初始化': 將 'INT16U' 轉換為 'INT8U'，由於類型不同，可能導致資料遺失
D:\RTOS\RTOS_M11302149_HW1\Microsoft\Windows\Kernel\OS2\app_hooks.c(295,54): warning C4244: '正在初始化': 將 'INT16U' 轉換為 'INT8U'，由於類型不同，可能導致資料遺失
  正在產生程式碼...
  正在編譯...
  main.c
D:\RTOS\RTOS_M11302149_HW1\Microsoft\Windows\Kernel\OS2\main.c(108,16): warning C4013: 'malloc' 未定義; 假設 extern 傳回整數
D:\RTOS\RTOS_M11302149_HW1\Microsoft\Windows\Kernel\OS2\main.c(108,14): warning C4047: '=': 'OS_STK **' 與 'int' 間接取值的層級不同
D:\RTOS\RTOS_M11302149_HW1\Microsoft\Windows\Kernel\OS2\main.c(113,21): warning C4047: '=': 'OS_STK *' 與 'int' 間接取值的層級不同
D:\RTOS\RTOS_M11302149_HW1\Microsoft\Windows\Kernel\OS2\main.c(139,25): warning C4244: '函式': 將 'INT16U' 轉換為 'INT8U'，由於類型不同，可能導致資料遺失
D:\RTOS\RTOS_M11302149_HW1\Microsoft\Windows\Kernel\OS2\main.c(149,25): warning C4244: '函式': 將 'INT16U' 轉換為 'INT8U'，由於類型不同，可能導致資料遺失
D:\RTOS\RTOS_M11302149_HW1\Microsoft\Windows\Kernel\OS2\main.c(88,17): warning C4101: 'os_err': 未參考的區域變數
  正在產生程式碼...
  OS2.vcxproj -> D:\RTOS\RTOS_M11302149_HW1\Microsoft\Windows\Kernel\OS2\VS\Debug\OS2.exe
